<?xml version="1.0" encoding="UTF-8"?>
<!-- Generated by org.testng.reporters.JUnitXMLReporter -->
<testsuite ignored="0" hostname="TYSS-Nayana-H" failures="1" tests="1" name="Test" time="6.278" errors="0" timestamp="2023-11-20T14:53:29 IST">
  <testcase classname="listeners.Login" name="loginToDemo" time="2.363">
    <failure type="java.lang.AssertionError" message="null">
      <![CDATA[java.lang.AssertionError: null
at listeners.Login.loginToDemo(Login.java:16)
at java.base/java.util.ArrayList.forEach(ArrayList.java:1541)
... Removed 29 stack frames]]>
    </failure>
  </testcase> <!-- loginToDemo -->
</testsuite> <!-- Test -->
